22:29:05.749 [main] DEBUG com.ai.qa.base.TestBase - Test Url is opened
22:29:06.196 [main] DEBUG com.ai.qa.base.TestBase - All initialization done
22:29:06.197 [main] DEBUG com.ai.qa.base.TestBase - Configuration properties file is loaded successfully
22:29:06.239 [main] DEBUG com.ai.qa.base.TestBase - Posting a new challenge test is started
22:29:06.355 [main] DEBUG com.ai.qa.base.TestBase - Test failed, trying retry analyzer 0time
22:29:08.524 [main] DEBUG com.ai.qa.base.TestBase - Test started in  chromebroswer
22:29:12.308 [main] DEBUG com.ai.qa.base.TestBase - Test Url is opened
22:29:12.760 [main] DEBUG com.ai.qa.base.TestBase - All initialization done
22:29:12.761 [main] DEBUG com.ai.qa.base.TestBase - Configuration properties file is loaded successfully
22:29:12.763 [main] DEBUG com.ai.qa.base.TestBase - Posting a new challenge test is started
22:29:16.091 [main] INFO  com.ai.qa.pages.LaunchPage - Login Button is clicked
22:29:16.092 [main] DEBUG com.ai.qa.base.TestBase - Configuration properties file is loaded successfully
22:29:17.666 [main] DEBUG com.ai.qa.base.TestBase - Login through Linkedin clicked
22:29:17.669 [main] DEBUG com.ai.qa.base.TestBase - Configuration properties file is loaded successfully
22:29:21.369 [main] DEBUG com.ai.qa.base.TestBase - Username and Password entered and login clicked
22:29:21.369 [main] DEBUG com.ai.qa.base.TestBase - Configuration properties file is loaded successfully
22:29:21.399 [main] DEBUG com.ai.qa.base.TestBase - In Home Page
22:29:24.911 [main] INFO  com.ai.qa.pages.HomePage - Window is scrolled and CreateChallenge is clicked
22:29:24.914 [main] DEBUG com.ai.qa.base.TestBase - Configuration properties file is loaded successfully
22:29:24.956 [main] DEBUG com.ai.qa.base.TestBase - In Post a challenge Page
22:29:25.484 [main] DEBUG com.ai.qa.pages.PostChallengePage - Trying to switch to frame 
22:29:40.620 [main] DEBUG com.ai.qa.pages.PostChallengePage - Switch to frame successful 
22:29:40.783 [main] DEBUG com.ai.qa.pages.PostChallengePage - Challenge description is entered 
22:29:40.785 [main] DEBUG com.ai.qa.pages.PostChallengePage - Switched back to default window
22:29:41.045 [main] DEBUG com.ai.qa.pages.PostChallengePage - Window is scrolled and team member is selected
22:29:41.305 [main] DEBUG com.ai.qa.pages.PostChallengePage - Link is clicked and link Url is entered
22:29:41.545 [main] DEBUG com.ai.qa.pages.PostChallengePage - Anonymous Id is set
22:29:45.588 [main] DEBUG com.ai.qa.pages.PostChallengePage - Keywords are selected 
22:29:45.937 [main] DEBUG com.ai.qa.pages.PostChallengePage - Publish Challenge is clicked
22:29:45.937 [main] DEBUG com.ai.qa.base.TestBase - Configuration properties file is loaded successfully
