22:09:11.768 [main] DEBUG com.ai.qa.base.TestBase - Configuration properties file is loaded successfully
22:09:14.626 [main] DEBUG com.ai.qa.base.TestBase - Test started in  chromebroswer
22:09:18.160 [main] DEBUG com.ai.qa.base.TestBase - Test Url is opened
22:09:18.646 [main] DEBUG com.ai.qa.base.TestBase - All initialization done
22:09:18.647 [main] DEBUG com.ai.qa.base.TestBase - Configuration properties file is loaded successfully
22:09:18.680 [main] DEBUG com.ai.qa.base.TestBase - Posting a new challenge test is started
22:09:21.720 [main] INFO  com.ai.qa.pages.LaunchPage - Login Button is clicked
22:09:21.722 [main] DEBUG com.ai.qa.base.TestBase - Configuration properties file is loaded successfully
22:09:23.874 [main] DEBUG com.ai.qa.base.TestBase - Login through Linkedin clicked
22:09:23.876 [main] DEBUG com.ai.qa.base.TestBase - Configuration properties file is loaded successfully
22:09:31.586 [main] DEBUG com.ai.qa.base.TestBase - Username and Password entered and login clicked
22:09:31.586 [main] DEBUG com.ai.qa.base.TestBase - Configuration properties file is loaded successfully
22:09:31.625 [main] DEBUG com.ai.qa.base.TestBase - In Home Page
22:09:35.894 [main] INFO  com.ai.qa.pages.HomePage - Window is scrolled and CreateChallenge is clicked
22:09:35.904 [main] DEBUG com.ai.qa.base.TestBase - Configuration properties file is loaded successfully
22:09:35.969 [main] DEBUG com.ai.qa.base.TestBase - In Post a challenge Page
22:09:36.487 [main] DEBUG com.ai.qa.pages.PostChallengePage - Trying to switch to frame 
22:09:51.662 [main] DEBUG com.ai.qa.pages.PostChallengePage - Switch to frame successful 
22:09:51.895 [main] DEBUG com.ai.qa.pages.PostChallengePage - Challenge description is entered 
22:09:51.900 [main] DEBUG com.ai.qa.pages.PostChallengePage - Switched back to default window
22:09:52.150 [main] DEBUG com.ai.qa.pages.PostChallengePage - Window is scrolled and team member is selected
22:09:52.420 [main] DEBUG com.ai.qa.pages.PostChallengePage - Link is clicked and link Url is entered
22:09:52.720 [main] DEBUG com.ai.qa.pages.PostChallengePage - Anonymous Id is set
22:09:56.561 [main] DEBUG com.ai.qa.pages.PostChallengePage - Keywords are selected 
22:09:56.869 [main] DEBUG com.ai.qa.pages.PostChallengePage - Publish Challenge is clicked
22:09:56.869 [main] DEBUG com.ai.qa.base.TestBase - Configuration properties file is loaded successfully
22:09:59.337 [main] DEBUG com.ai.qa.base.TestBase - Test failed, trying retry analyzer 0time
