23:32:10.204 [main] DEBUG com.ai.qa.pages.PostChallengePage - Switch to frame successful 
23:32:10.376 [main] DEBUG com.ai.qa.pages.PostChallengePage - Challenge description is entered 
23:32:10.386 [main] DEBUG com.ai.qa.pages.PostChallengePage - Switched back to default window
23:32:10.631 [main] DEBUG com.ai.qa.pages.PostChallengePage - Window is scrolled and team member is selected
23:32:10.889 [main] DEBUG com.ai.qa.pages.PostChallengePage - Link is clicked and link Url is entered
23:32:11.122 [main] DEBUG com.ai.qa.pages.PostChallengePage - Anonymous Id is set
23:32:14.874 [main] DEBUG com.ai.qa.pages.PostChallengePage - Keywords are selected 
23:32:15.202 [main] DEBUG com.ai.qa.pages.PostChallengePage - Publish Challenge is clicked
23:32:15.203 [main] DEBUG com.ai.qa.base.TestBase - Trying to load Configuration properties file
23:32:15.203 [main] DEBUG com.ai.qa.base.TestBase - Configuration properties file is loaded successfully
23:32:19.170 [main] DEBUG com.ai.qa.tests.CreateChallengeTest - Posting a new challenge test is completed successfully
23:32:19.802 [main] INFO  com.ai.qa.tests.CreateChallengeTest - Screen capture placed in extent report
23:32:22.027 [main] DEBUG com.ai.qa.base.TestBase - Test started in  chromebroswer
23:32:25.225 [main] DEBUG com.ai.qa.base.TestBase - Test Url is opened
23:32:25.613 [main] DEBUG com.ai.qa.base.TestBase - All initialization done
23:32:25.613 [main] DEBUG com.ai.qa.base.TestBase - Trying to load Configuration properties file
23:32:25.613 [main] DEBUG com.ai.qa.base.TestBase - Configuration properties file is loaded successfully
23:32:25.618 [main] INFO  com.ai.qa.util.ExtentReportAI - Extent Report is initialized for createChallengeTest
23:32:25.618 [main] DEBUG com.ai.qa.tests.CreateChallengeTest - Posting a new challenge test is started
23:32:26.550 [main] INFO  com.ai.qa.tests.CreateChallengeTest - Screen capture placed in extent report
23:32:27.306 [main] INFO  com.ai.qa.util.ExtentReportAI - ExtentReport is generated
