23:45:18.369 [main] DEBUG com.ai.qa.base.TestBase - Trying to load Configuration properties file
23:45:18.378 [main] DEBUG com.ai.qa.base.TestBase - Configuration properties file is loaded successfully
23:45:18.521 [main] INFO  com.ai.qa.util.ExtentReportAI - Extent Report information loaded
23:45:18.524 [main] DEBUG com.ai.qa.tests.CreateChallengeTest - Before Test method is called
23:45:18.525 [main] INFO  com.ai.qa.util.ExcelData - Trying to open Excel file to read data
23:45:18.937 [main] INFO  com.ai.qa.util.ExcelData - Excel file is opened to read data
23:45:18.942 [main] INFO  com.ai.qa.util.ExcelData - Trying to read sheet with createchallenge
23:45:18.956 [main] INFO  com.ai.qa.util.ExcelData - Full data is read from  createchallenge
23:45:21.828 [main] DEBUG com.ai.qa.base.TestBase - Test started in  chromebroswer
23:45:24.851 [main] DEBUG com.ai.qa.base.TestBase - Test Url is opened
23:45:25.242 [main] DEBUG com.ai.qa.base.TestBase - All initialization done
23:45:25.243 [main] DEBUG com.ai.qa.base.TestBase - Trying to load Configuration properties file
23:45:25.244 [main] DEBUG com.ai.qa.base.TestBase - Configuration properties file is loaded successfully
23:45:25.289 [main] INFO  com.ai.qa.util.ExtentReportAI - Extent Report is initialized for createChallengeTest
23:45:25.290 [main] DEBUG com.ai.qa.tests.CreateChallengeTest - Posting a new challenge test is started
23:45:26.778 [main] INFO  com.ai.qa.pages.LaunchPage - Login Button is clicked
23:45:26.779 [main] DEBUG com.ai.qa.base.TestBase - Trying to load Configuration properties file
23:45:26.779 [main] DEBUG com.ai.qa.base.TestBase - Configuration properties file is loaded successfully
23:45:27.970 [main] DEBUG com.ai.qa.base.TestBase - Login through Linkedin clicked
23:45:27.970 [main] DEBUG com.ai.qa.base.TestBase - Trying to load Configuration properties file
23:45:27.971 [main] DEBUG com.ai.qa.base.TestBase - Configuration properties file is loaded successfully
23:45:31.793 [main] DEBUG com.ai.qa.base.TestBase - Username and Password entered and login clicked
23:45:31.794 [main] DEBUG com.ai.qa.base.TestBase - Trying to load Configuration properties file
23:45:31.795 [main] DEBUG com.ai.qa.base.TestBase - Configuration properties file is loaded successfully
23:45:31.818 [main] DEBUG com.ai.qa.tests.CreateChallengeTest - In Home Page
23:45:35.366 [main] INFO  com.ai.qa.pages.HomePage - Window is scrolled and CreateChallenge is clicked
23:45:35.367 [main] DEBUG com.ai.qa.base.TestBase - Trying to load Configuration properties file
23:45:35.367 [main] DEBUG com.ai.qa.base.TestBase - Configuration properties file is loaded successfully
23:45:35.375 [main] DEBUG com.ai.qa.tests.CreateChallengeTest - In Post a challenge Page
23:45:35.530 [main] DEBUG com.ai.qa.pages.PostChallengePage - Trying to switch to frame 
23:45:50.678 [main] DEBUG com.ai.qa.pages.PostChallengePage - Switch to frame successful 
23:45:50.863 [main] DEBUG com.ai.qa.pages.PostChallengePage - Challenge description is entered 
23:45:50.881 [main] DEBUG com.ai.qa.pages.PostChallengePage - Switched back to default window
23:45:51.350 [main] DEBUG com.ai.qa.pages.PostChallengePage - Window is scrolled and team member is selected
23:45:51.703 [main] DEBUG com.ai.qa.pages.PostChallengePage - Link is clicked and link Url is entered
23:45:52.036 [main] DEBUG com.ai.qa.pages.PostChallengePage - Anonymous Id is set
23:45:56.737 [main] DEBUG com.ai.qa.pages.PostChallengePage - Keywords are selected 
23:45:57.128 [main] DEBUG com.ai.qa.pages.PostChallengePage - Publish Challenge is clicked
23:45:57.129 [main] DEBUG com.ai.qa.base.TestBase - Trying to load Configuration properties file
23:45:57.129 [main] DEBUG com.ai.qa.base.TestBase - Configuration properties file is loaded successfully
